<?xml version="1.0" encoding="UTF-8"?>
<!-- Generated by org.testng.reporters.JUnitXMLReporter -->
<testsuite ignored="0" hostname="INBOOK_X1_SLIM" failures="1" tests="1" name="TestRunner2" time="34.267" errors="0" timestamp="2023-08-16T13:02:57 IST">
  <testcase classname="testCase.Script2" name="java" time="34.222">
    <failure type="org.openqa.selenium.StaleElementReferenceException" message="androidx.test.uiautomator.StaleObjectException
For documentation on this error, please visit: https://www.selenium.dev/documentation/webdriver/troubleshooting/errors#stale-element-reference-exception
Build info: version: &amp;apos;4.11.0&amp;apos;, revision: &amp;apos;040bc5406b&amp;apos;
System info: os.name: &amp;apos;Windows 11&amp;apos;, os.arch: &amp;apos;amd64&amp;apos;, os.version: &amp;apos;10.0&amp;apos;, java.version: &amp;apos;17.0.5&amp;apos;
Driver info: io.appium.java_client.android.AndroidDriver
Command: [d4111383-c782-4cfa-8317-2621cac74d0b, getElementText {id=00000000-0000-00c7-ffff-ffff00000043}]
Capabilities {appium:appActivity: .MainActivity, appium:appPackage: com.androidsample.generalstore, appium:autoGrantPermissions: true, appium:automationName: UiAutomator2, appium:databaseEnabled: false, appium:desired: {appActivity: .MainActivity, appPackage: com.androidsample.generalstore, autoGrantPermissions: true, automationName: UiAutomator2, deviceName: realme x2, ignoreHiddenApiPolicyError: true, platformName: ANDROID, udid: 1d5ec252}, appium:deviceApiLevel: 30, appium:deviceManufacturer: realme, appium:deviceModel: RMX1992, appium:deviceName: 1d5ec252, appium:deviceScreenDensity: 480, appium:deviceScreenSize: 1080x2340, appium:deviceUDID: 1d5ec252, appium:ignoreHiddenApiPolicyError: true, appium:javascriptEnabled: true, appium:locationContextEnabled: false, appium:networkConnectionEnabled: true, appium:pixelRatio: 3, appium:platformVersion: 11, appium:statBarHeight: 84, appium:takesScreenshot: true, appium:udid: 1d5ec252, appium:viewportRect: {height: 2048, left: 0, top: 84, width: 1080}, appium:warnings: {}, appium:webStorageEnabled: false, platformName: ANDROID}
Element: [[AndroidDriver:  on ANDROID (d4111383-c782-4cfa-8317-2621cac74d0b)] -&amp;gt; id: com.androidsample.generalstore:id/productName]
Session ID: d4111383-c782-4cfa-8317-2621cac74d0b">
      <![CDATA[org.openqa.selenium.StaleElementReferenceException: androidx.test.uiautomator.StaleObjectException
For documentation on this error, please visit: https://www.selenium.dev/documentation/webdriver/troubleshooting/errors#stale-element-reference-exception
Build info: version: '4.11.0', revision: '040bc5406b'
System info: os.name: 'Windows 11', os.arch: 'amd64', os.version: '10.0', java.version: '17.0.5'
Driver info: io.appium.java_client.android.AndroidDriver
Command: [d4111383-c782-4cfa-8317-2621cac74d0b, getElementText {id=00000000-0000-00c7-ffff-ffff00000043}]
Capabilities {appium:appActivity: .MainActivity, appium:appPackage: com.androidsample.generalstore, appium:autoGrantPermissions: true, appium:automationName: UiAutomator2, appium:databaseEnabled: false, appium:desired: {appActivity: .MainActivity, appPackage: com.androidsample.generalstore, autoGrantPermissions: true, automationName: UiAutomator2, deviceName: realme x2, ignoreHiddenApiPolicyError: true, platformName: ANDROID, udid: 1d5ec252}, appium:deviceApiLevel: 30, appium:deviceManufacturer: realme, appium:deviceModel: RMX1992, appium:deviceName: 1d5ec252, appium:deviceScreenDensity: 480, appium:deviceScreenSize: 1080x2340, appium:deviceUDID: 1d5ec252, appium:ignoreHiddenApiPolicyError: true, appium:javascriptEnabled: true, appium:locationContextEnabled: false, appium:networkConnectionEnabled: true, appium:pixelRatio: 3, appium:platformVersion: 11, appium:statBarHeight: 84, appium:takesScreenshot: true, appium:udid: 1d5ec252, appium:viewportRect: {height: 2048, left: 0, top: 84, width: 1080}, appium:warnings: {}, appium:webStorageEnabled: false, platformName: ANDROID}
Element: [[AndroidDriver:  on ANDROID (d4111383-c782-4cfa-8317-2621cac74d0b)] -> id: com.androidsample.generalstore:id/productName]
Session ID: d4111383-c782-4cfa-8317-2621cac74d0b
at org.openqa.selenium.remote.codec.w3c.W3CHttpResponseCodec.createException(W3CHttpResponseCodec.java:200)
at org.openqa.selenium.remote.codec.w3c.W3CHttpResponseCodec.decode(W3CHttpResponseCodec.java:133)
at org.openqa.selenium.remote.codec.w3c.W3CHttpResponseCodec.decode(W3CHttpResponseCodec.java:52)
at org.openqa.selenium.remote.HttpCommandExecutor.execute(HttpCommandExecutor.java:191)
at io.appium.java_client.remote.AppiumCommandExecutor.execute(AppiumCommandExecutor.java:250)
at org.openqa.selenium.remote.RemoteWebDriver.execute(RemoteWebDriver.java:518)
at org.openqa.selenium.remote.RemoteWebElement.execute(RemoteWebElement.java:224)
at org.openqa.selenium.remote.RemoteWebElement.getText(RemoteWebElement.java:192)
at testCase.Script2.java(Script2.java:64)
at java.base/java.util.ArrayList.forEach(ArrayList.java:1511)
at java.base/java.util.concurrent.FutureTask.run(FutureTask.java:264)
at java.base/java.util.concurrent.ThreadPoolExecutor.runWorker(ThreadPoolExecutor.java:1136)
at java.base/java.util.concurrent.ThreadPoolExecutor$Worker.run(ThreadPoolExecutor.java:635)
at java.base/java.lang.Thread.run(Thread.java:833)
... Removed 23 stack frames]]>
    </failure>
  </testcase> <!-- java -->
</testsuite> <!-- TestRunner2 -->
