<?xml version="1.0" encoding="UTF-8"?>
<testng-results ignored="0" total="3" passed="3" failed="0" skipped="0">
  <reporter-output>
  </reporter-output>
  <suite started-at="2023-07-15T15:40:44 IST" name="Default suite" finished-at="2023-07-15T15:40:44 IST" duration-ms="63">
    <groups>
    </groups>
    <test started-at="2023-07-15T15:40:44 IST" name="Default test" finished-at="2023-07-15T15:40:44 IST" duration-ms="63">
      <class name="script.Practice">
        <test-method signature="m()[pri:-1, instance:script.Practice@62230c58]" started-at="2023-07-15T15:40:44 IST" name="m" finished-at="2023-07-15T15:40:44 IST" duration-ms="10" status="PASS">
          <reporter-output>
          </reporter-output>
        </test-method> <!-- m -->
        <test-method signature="m1()[pri:0, instance:script.Practice@62230c58]" started-at="2023-07-15T15:40:44 IST" name="m1" finished-at="2023-07-15T15:40:44 IST" duration-ms="2" status="PASS">
          <reporter-output>
          </reporter-output>
        </test-method> <!-- m1 -->
        <test-method signature="m2()[pri:0, instance:script.Practice@62230c58]" started-at="2023-07-15T15:40:44 IST" name="m2" finished-at="2023-07-15T15:40:44 IST" duration-ms="1" status="PASS">
          <reporter-output>
          </reporter-output>
        </test-method> <!-- m2 -->
      </class> <!-- script.Practice -->
    </test> <!-- Default test -->
  </suite> <!-- Default suite -->
</testng-results>
